<?xml version="1.0" encoding="UTF-8"?>
<!-- Generated by org.testng.reporters.JUnitReportReporter -->
<testsuite hostname="Dinesh" failures="0" tests="2" name="MavenProjecttt.MavenJava.AppiumTest" time="0.002" errors="0" timestamp="2022-01-22T14:31:42 IST" skipped="0">
  <testcase classname="MavenProjecttt.MavenJava.AppiumTest" name="Nativeappandroid" time="0.001"/>
  <system-out/>
  <testcase classname="MavenProjecttt.MavenJava.AppiumTest" name="IOSapps" time="0.001"/>
  <system-out/>
</testsuite> <!-- MavenProjecttt.MavenJava.AppiumTest -->
