<?xml version="1.0" encoding="UTF-8"?>
<!-- Generated by org.testng.reporters.JUnitReportReporter -->
<testsuite hostname="Dinesh" failures="0" tests="2" name="MavenProjecttt.MavenJava.SeleniumTest" time="0.001" errors="0" timestamp="2022-01-22T14:44:57 IST" skipped="0">
  <testcase classname="MavenProjecttt.MavenJava.SeleniumTest" name="Hello" time="0.000"/>
  <system-out/>
  <testcase classname="MavenProjecttt.MavenJava.SeleniumTest" name="Bye" time="0.001"/>
  <system-out/>
</testsuite> <!-- MavenProjecttt.MavenJava.SeleniumTest -->
